<?xml version="1.0" encoding="UTF-8"?>
<!-- Generated by org.testng.reporters.JUnitReportReporter -->
<testsuite hostname="Joseph" failures="0" tests="1" name="example.example.tests.ContactPageTest" time="10.844" errors="0" timestamp="21 Aug 2021 23:55:18 GMT" skipped="0">
  <testcase classname="example.example.tests.ContactPageTest" name="contactFormTest" time="10.844"/>
</testsuite> <!-- example.example.tests.ContactPageTest -->
