<?xml version="1.0" encoding="UTF-8"?>
<!-- Generated by org.testng.reporters.JUnitReportReporter -->
<testsuite hostname="Joseph" failures="0" tests="1" name="example.example.tests.FaceBookLoginTest" time="5.462" errors="0" timestamp="20 Aug 2021 14:34:37 GMT" skipped="0">
  <testcase classname="example.example.tests.FaceBookLoginTest" name="contactFormTest" time="5.462"/>
</testsuite> <!-- example.example.tests.FaceBookLoginTest -->
