<?xml version="1.0" encoding="UTF-8"?>
<!-- Generated by org.testng.reporters.JUnitReportReporter -->
<testsuite hostname="Joseph" failures="0" tests="1" name="example.example.tests.GoogleSearchTest" time="4.695" errors="0" timestamp="20 Aug 2021 12:14:23 GMT" skipped="0">
  <testcase classname="example.example.tests.GoogleSearchTest" name="googleSearchTest" time="4.695"/>
</testsuite> <!-- example.example.tests.GoogleSearchTest -->
