<?xml version="1.0" encoding="UTF-8"?>
<!-- Generated by org.testng.reporters.JUnitReportReporter -->
<testsuite hostname="DESKTOP-2KKG61M" failures="0" tests="1" name="example.example.tests.ContactPageTest" time="7.002" errors="0" timestamp="22 Aug 2021 22:54:02 GMT" skipped="0">
  <testcase classname="example.example.tests.ContactPageTest" name="contactFormTest" time="7.002"/>
</testsuite> <!-- example.example.tests.ContactPageTest -->
